SF:src\pptxlib\__init__.py
DA:3,1
DA:5,1
LF:2
LH:2
end_of_record
SF:src\pptxlib\core\__init__.py
end_of_record
SF:src\pptxlib\core\app.py
DA:1,1
DA:3,1
DA:4,1
DA:5,1
DA:7,1
DA:8,1
DA:10,1
DA:11,1
DA:12,1
DA:18,1
DA:19,1
DA:20,1
DA:22,1
DA:23,1
DA:24,1
DA:25,1
DA:27,1
DA:28,1
DA:29,1
DA:31,1
DA:32,1
DA:34,1
DA:35,1
DA:37,1
DA:38,1
DA:41,1
DA:42,1
DA:43,1
DA:44,1
DA:45,1
DA:49,1
LF:31
LH:31
FN:22,25,App.__post_init__
FNDA:1,App.__post_init__
FN:28,29,App.presentations
FNDA:1,App.presentations
FN:31,32,App.quit
FNDA:1,App.quit
FN:34,35,App.__enter__
FNDA:1,App.__enter__
FN:37,38,App.__exit__
FNDA:1,App.__exit__
FN:42,49,is_app_available
FNDA:1,is_app_available
FNF:6
FNH:6
end_of_record
SF:src\pptxlib\core\base.py
DA:1,1
DA:3,1
DA:4,1
DA:12,1
DA:13,1
DA:14,1
DA:16,1
DA:17,0
DA:20,1
DA:21,1
DA:22,1
DA:23,1
DA:24,1
DA:26,1
DA:27,1
DA:29,1
DA:30,0
DA:32,1
DA:33,1
DA:34,1
DA:36,1
DA:37,1
DA:38,0
DA:40,1
DA:41,0
DA:43,1
DA:44,0
DA:47,1
DA:50,1
DA:51,1
DA:52,1
DA:53,1
DA:54,1
DA:56,1
DA:57,1
DA:59,1
DA:60,0
DA:62,1
DA:63,1
DA:65,1
DA:66,1
DA:67,0
DA:69,1
DA:71,1
DA:72,1
LF:45
LH:38
FN:16,17,Base.__repr__
FNDA:0,Base.__repr__
FN:26,27,Element.__post_init__
FNDA:1,Element.__post_init__
FN:29,30,Element.__repr__
FNDA:0,Element.__repr__
FN:33,34,Element.name
FNDA:1,Element.name
FN:37,38,Element.name
FNDA:0,Element.name
FN:40,41,Element.select
FNDA:0,Element.select
FN:43,44,Element.delete
FNDA:0,Element.delete
FN:56,57,Collection.__post_init__
FNDA:1,Collection.__post_init__
FN:59,60,Collection.__repr__
FNDA:0,Collection.__repr__
FN:62,63,Collection.__len__
FNDA:1,Collection.__len__
FN:65,69,Collection.__getitem__
FNDA:1,Collection.__getitem__
FN:71,72,Collection.__iter__
FNDA:1,Collection.__iter__
FNF:12
FNH:6
end_of_record
SF:src\pptxlib\core\client.py
DA:1,1
DA:3,1
DA:4,1
DA:6,1
DA:14,1
DA:15,1
DA:17,1
DA:18,1
DA:19,1
DA:22,1
DA:23,1
DA:24,1
DA:25,1
DA:28,1
DA:29,1
DA:30,1
LF:16
LH:16
FN:14,19,iter_typelib_specs
FNDA:1,iter_typelib_specs
FN:22,25,ensure_module
FNDA:1,ensure_module
FN:28,30,ensure_modules
FNDA:1,ensure_modules
FNF:3
FNH:3
end_of_record
SF:src\pptxlib\core\color.py
DA:1,1
DA:4,1
DA:30,0
DA:31,0
DA:33,0
DA:34,0
DA:36,0
DA:37,0
DA:39,0
DA:40,0
DA:42,0
DA:44,0
DA:45,0
DA:47,0
DA:50,1
LF:15
LH:3
FN:4,47,rgb
FNDA:0,rgb
FNF:1
FNH:0
end_of_record
SF:src\pptxlib\core\font.py
DA:1,1
DA:3,1
DA:4,1
DA:6,1
DA:8,1
DA:9,1
DA:12,1
DA:13,1
DA:14,1
DA:15,0
DA:16,0
DA:18,1
DA:19,1
DA:20,0
DA:22,1
DA:23,1
DA:24,0
DA:26,1
DA:27,1
DA:28,0
DA:30,1
DA:31,1
DA:32,0
DA:34,1
DA:35,1
DA:36,0
DA:38,1
DA:39,1
DA:40,0
DA:42,1
DA:43,1
DA:44,0
DA:46,1
DA:47,1
DA:48,0
DA:50,1
DA:51,1
DA:52,0
DA:54,1
DA:55,1
DA:56,0
DA:58,1
DA:66,0
DA:67,0
DA:68,0
DA:69,0
DA:70,0
DA:71,0
DA:72,0
DA:73,0
DA:74,0
DA:75,0
DA:77,0
DA:79,1
DA:80,0
DA:81,0
DA:82,0
DA:83,0
DA:84,0
DA:85,0
LF:60
LH:31
FN:14,16,Font.__repr__
FNDA:0,Font.__repr__
FN:19,20,Font.name
FNDA:0,Font.name
FN:23,24,Font.name
FNDA:0,Font.name
FN:27,28,Font.size
FNDA:0,Font.size
FN:31,32,Font.size
FNDA:0,Font.size
FN:35,36,Font.bold
FNDA:0,Font.bold
FN:39,40,Font.bold
FNDA:0,Font.bold
FN:43,44,Font.italic
FNDA:0,Font.italic
FN:47,48,Font.italic
FNDA:0,Font.italic
FN:51,52,Font.color
FNDA:0,Font.color
FN:55,56,Font.color
FNDA:0,Font.color
FN:58,77,Font.set
FNDA:0,Font.set
FN:79,85,Font.update
FNDA:0,Font.update
FNF:13
FNH:0
end_of_record
SF:src\pptxlib\core\presentation.py
DA:1,1
DA:3,1
DA:4,1
DA:6,1
DA:7,1
DA:15,1
DA:16,1
DA:17,1
DA:18,1
DA:20,1
DA:21,1
DA:23,1
DA:24,0
DA:26,1
DA:27,1
DA:28,1
DA:30,1
DA:31,1
DA:32,1
DA:34,1
DA:35,1
DA:36,1
DA:38,1
DA:39,1
DA:40,1
DA:42,1
DA:43,1
DA:44,1
DA:46,1
DA:47,1
DA:48,1
DA:49,1
DA:52,1
DA:53,1
DA:54,1
DA:55,1
DA:57,1
DA:58,1
DA:59,1
DA:61,1
DA:62,1
DA:63,1
DA:65,1
DA:66,1
DA:67,0
DA:68,0
LF:46
LH:43
FN:20,21,Presentation.close
FNDA:1,Presentation.close
FN:23,24,Presentation.delete
FNDA:0,Presentation.delete
FN:27,28,Presentation.slides
FNDA:1,Presentation.slides
FN:31,32,Presentation.width
FNDA:1,Presentation.width
FN:35,36,Presentation.width
FNDA:1,Presentation.width
FN:39,40,Presentation.height
FNDA:1,Presentation.height
FN:43,44,Presentation.height
FNDA:1,Presentation.height
FN:46,49,Presentation.size
FNDA:1,Presentation.size
FN:57,59,Presentations.add
FNDA:1,Presentations.add
FN:61,63,Presentations.close
FNDA:1,Presentations.close
FN:66,68,Presentations.active
FNDA:0,Presentations.active
FNF:11
FNH:9
end_of_record
SF:src\pptxlib\core\shape.py
DA:1,1
DA:3,1
DA:4,1
DA:5,1
DA:6,1
DA:8,1
DA:10,1
DA:11,1
DA:12,1
DA:26,1
DA:27,1
DA:28,1
DA:29,1
DA:30,0
DA:32,1
DA:33,1
DA:34,0
DA:36,1
DA:37,1
DA:38,0
DA:40,1
DA:41,1
DA:42,0
DA:44,1
DA:49,0
DA:50,0
DA:51,0
DA:52,0
DA:54,0
DA:56,1
DA:57,0
DA:58,0
DA:61,1
DA:62,1
DA:63,1
DA:66,1
DA:67,1
DA:68,1
DA:69,1
DA:70,0
DA:72,1
DA:73,1
DA:74,0
DA:76,1
DA:82,0
DA:83,0
DA:84,0
DA:85,0
DA:86,0
DA:87,0
DA:89,0
DA:91,1
DA:92,0
DA:93,0
DA:94,0
DA:96,1
DA:97,1
DA:98,0
DA:100,1
DA:101,1
DA:102,0
DA:103,0
DA:104,0
DA:106,1
DA:107,0
DA:108,0
DA:110,1
DA:111,1
DA:112,0
DA:114,1
DA:115,1
DA:116,0
DA:117,0
DA:118,0
DA:120,1
DA:121,1
DA:122,0
DA:124,1
DA:125,1
DA:126,0
DA:127,0
DA:128,0
DA:130,1
DA:131,1
DA:132,0
DA:134,1
DA:135,1
DA:136,0
DA:137,0
DA:138,0
DA:140,1
DA:141,1
DA:142,0
DA:144,1
DA:145,1
DA:146,0
DA:147,0
DA:148,0
DA:150,1
DA:151,1
DA:152,0
DA:154,1
DA:155,1
DA:156,0
DA:157,0
DA:158,0
DA:160,1
DA:161,1
DA:162,0
DA:164,1
DA:165,1
DA:166,0
DA:167,0
DA:168,0
DA:170,1
DA:176,0
DA:177,0
DA:178,0
DA:179,0
DA:180,0
DA:181,0
DA:182,0
DA:184,1
DA:190,0
DA:191,0
DA:192,0
DA:193,0
DA:194,0
DA:195,0
DA:196,0
DA:199,1
DA:200,1
DA:201,1
DA:202,1
DA:204,1
DA:205,1
DA:206,0
DA:208,1
DA:209,1
DA:210,0
DA:212,1
DA:213,1
DA:214,0
DA:216,1
DA:217,1
DA:218,0
DA:220,1
DA:221,1
DA:222,0
DA:224,0
DA:225,0
DA:226,0
DA:227,0
DA:229,0
DA:230,0
DA:232,1
DA:233,1
DA:234,0
DA:236,0
DA:237,0
DA:238,0
DA:239,0
DA:241,0
DA:242,0
DA:244,1
DA:245,1
DA:246,0
DA:248,1
DA:249,1
DA:250,0
DA:252,1
DA:253,1
DA:254,1
DA:256,1
DA:257,1
DA:258,1
DA:260,1
DA:261,1
DA:262,1
DA:264,1
DA:265,1
DA:266,0
DA:268,1
DA:269,1
DA:270,0
DA:272,1
DA:273,1
DA:274,0
DA:276,1
DA:277,0
DA:279,1
DA:280,0
DA:281,0
DA:283,1
DA:284,0
DA:285,0
DA:286,0
DA:287,0
DA:288,0
DA:290,1
DA:291,0
DA:292,0
DA:294,0
DA:295,0
DA:296,0
DA:297,0
DA:299,1
DA:300,0
DA:301,0
DA:303,0
DA:304,0
DA:305,0
DA:306,0
DA:309,1
DA:310,1
DA:311,1
DA:312,1
DA:314,1
DA:315,1
DA:316,1
DA:318,1
DA:327,0
DA:328,0
DA:330,0
DA:331,0
DA:332,0
DA:334,0
DA:336,1
DA:343,0
DA:344,0
DA:346,1
DA:356,0
DA:357,0
DA:359,0
DA:360,0
DA:362,0
DA:363,0
DA:364,0
DA:366,1
DA:375,0
DA:377,0
DA:378,0
DA:380,1
DA:389,0
DA:391,0
DA:401,0
DA:402,0
DA:403,0
DA:405,0
DA:407,1
DA:416,0
DA:417,0
DA:419,0
DA:420,0
DA:421,0
DA:422,0
DA:424,1
DA:435,0
DA:436,0
DA:438,0
DA:439,0
DA:440,0
DA:441,0
DA:443,1
DA:449,0
DA:450,0
DA:451,0
DA:453,0
DA:454,0
DA:455,0
DA:458,0
DA:459,0
DA:460,0
DA:462,0
DA:464,0
DA:465,0
DA:467,0
DA:468,0
DA:470,0
DA:471,0
DA:472,0
DA:474,0
DA:476,1
DA:483,0
DA:485,0
DA:486,0
DA:487,0
DA:488,0
DA:489,0
DA:490,0
DA:491,0
DA:492,0
DA:494,0
DA:496,1
DA:520,0
DA:521,0
DA:523,0
DA:525,0
DA:526,0
DA:527,0
DA:528,0
DA:529,0
DA:530,0
DA:531,0
DA:532,0
DA:534,0
DA:536,1
DA:537,0
DA:538,0
DA:541,1
DA:542,1
DA:543,1
DA:544,0
LF:313
LH:124
FN:29,30,Color.color
FNDA:0,Color.color
FN:33,34,Color.color
FNDA:0,Color.color
FN:37,38,Color.alpha
FNDA:0,Color.alpha
FN:41,42,Color.alpha
FNDA:0,Color.alpha
FN:44,54,Color.set
FNDA:0,Color.set
FN:56,58,Color.update
FNDA:0,Color.update
FN:69,70,Line.weight
FNDA:0,Line.weight
FN:73,74,Line.weight
FNDA:0,Line.weight
FN:76,89,Line.set
FNDA:0,Line.set
FN:91,94,Line.update
FNDA:0,Line.update
FN:97,98,Line.dash_style
FNDA:0,Line.dash_style
FN:101,104,Line.dash_style
FNDA:0,Line.dash_style
FN:106,108,Line.dash
FNDA:0,Line.dash
FN:111,112,Line.begin_arrowhead_style
FNDA:0,Line.begin_arrowhead_style
FN:115,118,Line.begin_arrowhead_style
FNDA:0,Line.begin_arrowhead_style
FN:121,122,Line.end_arrowhead_style
FNDA:0,Line.end_arrowhead_style
FN:125,128,Line.end_arrowhead_style
FNDA:0,Line.end_arrowhead_style
FN:131,132,Line.begin_arrowhead_length
FNDA:0,Line.begin_arrowhead_length
FN:135,138,Line.begin_arrowhead_length
FNDA:0,Line.begin_arrowhead_length
FN:141,142,Line.end_arrowhead_length
FNDA:0,Line.end_arrowhead_length
FN:145,148,Line.end_arrowhead_length
FNDA:0,Line.end_arrowhead_length
FN:151,152,Line.begin_arrowhead_width
FNDA:0,Line.begin_arrowhead_width
FN:155,158,Line.begin_arrowhead_width
FNDA:0,Line.begin_arrowhead_width
FN:161,162,Line.end_arrowhead_width
FNDA:0,Line.end_arrowhead_width
FN:165,168,Line.end_arrowhead_width
FNDA:0,Line.end_arrowhead_width
FN:170,182,Line.begin_arrow
FNDA:0,Line.begin_arrow
FN:184,196,Line.end_arrow
FNDA:0,Line.end_arrow
FN:205,206,Shape.left
FNDA:0,Shape.left
FN:209,210,Shape.top
FNDA:0,Shape.top
FN:213,214,Shape.width
FNDA:0,Shape.width
FN:217,218,Shape.height
FNDA:0,Shape.height
FN:221,230,Shape.left
FNDA:0,Shape.left
FN:233,242,Shape.top
FNDA:0,Shape.top
FN:245,246,Shape.width
FNDA:0,Shape.width
FN:249,250,Shape.height
FNDA:0,Shape.height
FN:253,254,Shape.text_range
FNDA:1,Shape.text_range
FN:257,258,Shape.text
FNDA:1,Shape.text
FN:261,262,Shape.text
FNDA:1,Shape.text
FN:265,266,Shape.font
FNDA:0,Shape.font
FN:269,270,Shape.fill
FNDA:0,Shape.fill
FN:273,274,Shape.line
FNDA:0,Shape.line
FN:276,277,Shape.copy
FNDA:0,Shape.copy
FN:279,281,Shape.connect
FNDA:0,Shape.connect
FN:283,288,Shape.export
FNDA:0,Shape.export
FN:290,297,Shape.png
FNDA:0,Shape.png
FN:299,306,Shape.svg
FNDA:0,Shape.svg
FN:315,316,Shapes.title
FNDA:1,Shapes.title
FN:318,334,Shapes.add
FNDA:0,Shapes.add
FN:336,344,Shapes.add_line
FNDA:0,Shapes.add_line
FN:346,364,Shapes.add_label
FNDA:0,Shapes.add_label
FN:366,378,Shapes.add_table
FNDA:0,Shapes.add_table
FN:380,405,Shapes.add_picture
FNDA:0,Shapes.add_picture
FN:407,422,Shapes.add_image
FNDA:0,Shapes.add_image
FN:424,441,Shapes.add_figure
FNDA:0,Shapes.add_figure
FN:443,474,Shapes.add_connector
FNDA:0,Shapes.add_connector
FN:476,494,Shapes.paste
FNDA:0,Shapes.paste
FN:496,534,Shapes.paste_special
FNDA:0,Shapes.paste_special
FN:536,538,Shapes.range
FNDA:0,Shapes.range
FN:543,544,ShapeRange.__repr__
FNDA:0,ShapeRange.__repr__
FNF:59
FNH:4
end_of_record
SF:src\pptxlib\core\slide.py
DA:1,1
DA:3,1
DA:4,1
DA:5,1
DA:6,1
DA:8,1
DA:10,1
DA:11,1
DA:17,1
DA:18,1
DA:19,1
DA:20,1
DA:22,1
DA:23,1
DA:24,1
DA:26,1
DA:27,1
DA:28,1
DA:30,1
DA:31,1
DA:32,1
DA:33,1
DA:35,1
DA:36,1
DA:37,1
DA:39,1
DA:40,1
DA:41,1
DA:43,1
DA:44,1
DA:45,1
DA:46,1
DA:48,1
DA:49,1
DA:50,1
DA:52,1
DA:53,1
DA:54,1
DA:55,1
DA:58,1
DA:59,1
DA:60,1
DA:61,1
DA:63,1
DA:64,1
DA:65,1
DA:67,1
DA:68,1
DA:69,1
DA:70,1
DA:71,1
DA:72,1
DA:74,1
DA:75,1
DA:77,1
DA:78,1
DA:80,1
DA:82,1
DA:84,1
DA:85,1
DA:86,1
DA:87,1
LF:62
LH:62
FN:23,24,Slide.shapes
FNDA:1,Slide.shapes
FN:27,28,Slide.title
FNDA:1,Slide.title
FN:31,33,Slide.title
FNDA:1,Slide.title
FN:36,37,Slide.width
FNDA:1,Slide.width
FN:40,41,Slide.height
FNDA:1,Slide.height
FN:43,46,Slide.export
FNDA:1,Slide.export
FN:48,55,Slide.png
FNDA:1,Slide.png
FN:63,82,Slides.add
FNDA:1,Slides.add
FN:85,87,Slides.active
FNDA:1,Slides.active
FNF:9
FNH:9
end_of_record
SF:src\pptxlib\core\table.py
DA:1,0
DA:3,0
DA:4,0
DA:6,0
DA:8,0
DA:9,0
DA:16,0
DA:17,0
DA:18,0
DA:19,0
DA:20,0
DA:22,0
DA:23,0
DA:24,0
DA:26,0
DA:27,0
DA:28,0
DA:30,0
DA:31,0
DA:32,0
DA:33,0
DA:35,0
DA:37,0
DA:38,0
DA:40,0
DA:41,0
DA:43,0
DA:44,0
DA:46,0
DA:47,0
DA:49,0
DA:50,0
DA:52,0
DA:56,0
DA:57,0
DA:59,0
DA:60,0
DA:61,0
DA:63,0
DA:64,0
DA:66,0
DA:67,0
DA:71,0
DA:72,0
DA:73,0
DA:75,0
DA:80,0
DA:81,0
DA:83,0
DA:85,0
DA:86,0
DA:87,0
DA:90,0
DA:91,0
DA:92,0
DA:93,0
DA:95,0
DA:96,0
DA:98,0
DA:99,0
DA:100,0
DA:102,0
DA:103,0
DA:104,0
DA:106,0
DA:107,0
DA:109,0
DA:110,0
DA:112,0
DA:113,0
DA:114,0
DA:116,0
DA:121,0
DA:122,0
DA:124,0
DA:127,0
DA:128,0
DA:129,0
DA:130,0
DA:132,0
DA:133,0
DA:134,0
DA:136,0
DA:137,0
DA:138,0
DA:141,0
DA:142,0
DA:143,0
DA:144,0
DA:146,0
DA:147,0
DA:148,0
DA:150,0
DA:151,0
DA:152,0
DA:155,0
DA:156,0
DA:157,0
DA:158,0
DA:160,0
DA:161,0
DA:162,0
DA:164,0
DA:165,0
DA:166,0
DA:167,0
DA:169,0
DA:170,0
DA:171,0
DA:174,0
DA:175,0
DA:176,0
DA:177,0
DA:179,0
DA:180,0
DA:181,0
DA:183,0
DA:184,0
DA:185,0
DA:186,0
DA:188,0
DA:189,0
DA:190,0
DA:193,0
DA:194,0
DA:195,0
DA:196,0
DA:198,0
DA:199,0
DA:201,0
DA:202,0
DA:203,0
DA:205,0
DA:206,0
DA:207,0
DA:209,0
DA:210,0
DA:211,0
DA:213,0
DA:214,0
DA:215,0
DA:218,0
DA:219,0
DA:220,0
DA:221,0
DA:223,0
DA:224,0
DA:225,0
DA:228,0
DA:229,0
DA:230,0
DA:231,0
DA:233,0
DA:234,0
DA:237,0
DA:238,0
DA:239,0
DA:241,0
DA:247,0
DA:248,0
DA:250,0
DA:253,0
DA:254,0
DA:255,0
DA:256,0
DA:258,0
DA:262,0
DA:263,0
DA:265,0
DA:266,0
DA:269,0
DA:270,0
DA:271,0
DA:273,0
DA:277,0
LF:175
LH:0
FN:19,20,Table.rows
FNDA:0,Table.rows
FN:23,24,Table.columns
FNDA:0,Table.columns
FN:27,28,Table.shape
FNDA:0,Table.shape
FN:30,35,Table.cell
FNDA:0,Table.cell
FN:37,38,Table.__len__
FNDA:0,Table.__len__
FN:41,41,Table.__getitem__
FNDA:0,Table.__getitem__
FN:44,44,Table.__getitem__
FNDA:0,Table.__getitem__
FN:47,47,Table.__getitem__
FNDA:0,Table.__getitem__
FN:50,50,Table.__getitem__
FNDA:0,Table.__getitem__
FN:52,69,Table.__getitem__
FNDA:0,Table.__getitem__
FN:71,73,Table.__iter__
FNDA:0,Table.__iter__
FN:75,83,Table.fill
FNDA:0,Table.fill
FN:85,87,Table.minimize_height
FNDA:0,Table.minimize_height
FN:95,96,Axis.__repr__
FNDA:0,Axis.__repr__
FN:99,100,Axis.cells
FNDA:0,Axis.cells
FN:103,104,Axis.borders
FNDA:0,Axis.borders
FN:106,107,Axis.__len__
FNDA:0,Axis.__len__
FN:109,110,Axis.__getitem__
FNDA:0,Axis.__getitem__
FN:112,114,Axis.__iter__
FNDA:0,Axis.__iter__
FN:116,124,Axis.fill
FNDA:0,Axis.fill
FN:133,134,Row.height
FNDA:0,Row.height
FN:137,138,Row.height
FNDA:0,Row.height
FN:147,148,Column.width
FNDA:0,Column.width
FN:151,152,Column.width
FNDA:0,Column.width
FN:161,162,Rows.height
FNDA:0,Rows.height
FN:165,167,Rows.height
FNDA:0,Rows.height
FN:170,171,Rows.borders
FNDA:0,Rows.borders
FN:180,181,Columns.width
FNDA:0,Columns.width
FN:184,186,Columns.width
FNDA:0,Columns.width
FN:189,190,Columns.borders
FNDA:0,Columns.borders
FN:198,199,Cell.__repr__
FNDA:0,Cell.__repr__
FN:202,203,Cell.shape
FNDA:0,Cell.shape
FN:206,207,Cell.text
FNDA:0,Cell.text
FN:210,211,Cell.text
FNDA:0,Cell.text
FN:214,215,Cell.borders
FNDA:0,Cell.borders
FN:224,225,CellRange.borders
FNDA:0,CellRange.borders
FN:233,234,LineFormat.__repr__
FNDA:0,LineFormat.__repr__
FN:241,250,LineFormatCollection.set
FNDA:0,LineFormatCollection.set
FN:258,266,Borders.__getitem__
FNDA:0,Borders.__getitem__
FN:273,277,BordersCollection.__getitem__
FNDA:0,BordersCollection.__getitem__
FNF:40
FNH:0
end_of_record
SF:src\pptxlib\gantt.py
end_of_record
