SF:src\pptxlib\__init__.py
DA:1,1
DA:2,1
DA:3,1
DA:4,1
DA:5,1
DA:7,1
LF:6
LH:6
end_of_record
SF:src\pptxlib\app.py
DA:7,1
DA:9,1
DA:10,1
DA:11,1
DA:13,1
DA:14,1
DA:16,1
DA:17,1
DA:18,1
DA:19,1
DA:25,1
DA:26,1
DA:38,1
DA:39,1
DA:41,1
DA:43,1
DA:44,1
DA:45,1
DA:47,1
DA:48,1
DA:54,0
DA:56,1
DA:58,1
DA:60,1
DA:66,1
DA:68,1
DA:76,1
DA:78,1
DA:80,0
DA:82,1
DA:88,0
DA:91,1
DA:92,1
DA:101,1
DA:102,1
DA:103,1
DA:107,1
LF:37
LH:34
FN:41,45,App.__post_init__
FNDA:1,App.__post_init__
FN:48,54,App.presentations
FNDA:0,App.presentations
FN:56,58,App.quit
FNDA:1,App.quit
FN:60,66,App.__enter__
FNDA:1,App.__enter__
FN:68,76,App.__exit__
FNDA:1,App.__exit__
FN:78,80,App.unselect
FNDA:0,App.unselect
FN:82,88,App.minimize
FNDA:0,App.minimize
FN:92,107,is_powerpoint_available
FNDA:1,is_powerpoint_available
FNF:8
FNH:5
end_of_record
SF:src\pptxlib\base.py
DA:1,1
DA:3,1
DA:4,1
DA:6,1
DA:16,1
DA:17,1
DA:18,1
DA:20,1
DA:21,0
DA:24,1
DA:25,1
DA:26,1
DA:27,1
DA:28,1
DA:30,1
DA:31,0
DA:33,1
DA:34,0
DA:36,1
DA:37,1
DA:38,0
DA:39,0
DA:40,0
DA:41,0
DA:43,1
DA:44,1
DA:45,0
DA:47,1
DA:48,0
DA:50,1
DA:51,0
DA:54,1
DA:57,1
DA:58,1
DA:59,1
DA:60,1
DA:61,1
DA:63,1
DA:64,0
DA:66,1
DA:67,0
DA:69,1
DA:70,0
DA:72,1
DA:73,0
DA:74,0
DA:76,0
DA:78,1
DA:79,0
LF:49
LH:32
FN:20,21,Base.__repr__
FNDA:0,Base.__repr__
FN:30,31,Element.__post_init__
FNDA:0,Element.__post_init__
FN:33,34,Element.__repr__
FNDA:0,Element.__repr__
FN:37,41,Element.name
FNDA:0,Element.name
FN:44,45,Element.name
FNDA:0,Element.name
FN:47,48,Element.select
FNDA:0,Element.select
FN:50,51,Element.delete
FNDA:0,Element.delete
FN:63,64,Collection.__post_init__
FNDA:0,Collection.__post_init__
FN:66,67,Collection.__repr__
FNDA:0,Collection.__repr__
FN:69,70,Collection.__len__
FNDA:0,Collection.__len__
FN:72,76,Collection.__getitem__
FNDA:0,Collection.__getitem__
FN:78,79,Collection.__iter__
FNDA:0,Collection.__iter__
FNF:12
FNH:0
end_of_record
SF:src\pptxlib\client.py
DA:1,1
DA:3,1
DA:4,1
DA:6,1
DA:17,1
DA:18,1
DA:20,1
DA:21,1
DA:22,1
DA:25,1
DA:26,1
DA:27,1
DA:28,1
DA:31,1
DA:32,1
DA:33,1
LF:16
LH:16
FN:17,22,iter_typelib_specs
FNDA:1,iter_typelib_specs
FN:25,28,ensure_module
FNDA:1,ensure_module
FN:31,33,ensure_modules
FNDA:1,ensure_modules
FNF:3
FNH:3
end_of_record
SF:src\pptxlib\color.py
DA:1,1
DA:4,1
DA:30,0
DA:31,0
DA:33,0
DA:34,0
DA:36,0
DA:37,0
DA:39,0
DA:40,0
DA:42,0
DA:44,0
DA:45,0
DA:47,0
DA:50,1
LF:15
LH:3
FN:4,47,rgb
FNDA:0,rgb
FNF:1
FNH:0
end_of_record
SF:src\pptxlib\compat.py
DA:1,1
DA:15,1
LF:2
LH:2
end_of_record
SF:src\pptxlib\contrib\__init__.py
DA:3,1
DA:5,1
LF:2
LH:2
end_of_record
SF:src\pptxlib\contrib\gantt.py
DA:1,1
DA:3,1
DA:4,1
DA:5,1
DA:6,1
DA:8,1
DA:16,1
DA:17,0
DA:18,0
DA:19,0
DA:20,0
DA:21,0
DA:22,0
DA:24,0
DA:25,0
DA:26,0
DA:27,0
DA:28,0
DA:30,0
DA:31,0
DA:32,0
DA:34,0
DA:35,0
DA:38,1
DA:39,0
DA:40,0
DA:42,0
DA:45,1
DA:46,1
DA:47,1
DA:48,1
DA:51,1
DA:52,1
DA:53,1
DA:54,1
DA:56,1
DA:57,0
DA:59,0
DA:60,0
DA:61,0
DA:63,0
DA:64,0
DA:65,0
DA:66,0
DA:67,0
DA:68,0
DA:69,0
DA:70,0
DA:71,0
DA:72,0
DA:76,1
DA:77,1
DA:78,0
DA:79,0
DA:80,0
DA:82,1
DA:83,1
DA:84,0
DA:87,1
DA:88,1
DA:89,1
DA:90,1
DA:92,1
DA:98,0
DA:99,0
DA:100,0
DA:101,0
DA:102,0
DA:104,1
DA:115,0
DA:116,0
DA:117,0
DA:118,0
DA:120,0
DA:121,0
DA:122,0
DA:123,0
DA:125,0
DA:134,0
DA:135,0
DA:136,0
DA:138,0
DA:139,0
DA:140,0
DA:141,0
DA:143,0
DA:144,0
DA:145,0
DA:146,0
DA:147,0
DA:148,0
DA:150,0
DA:151,0
DA:153,0
DA:154,0
DA:155,0
DA:156,0
DA:158,0
DA:160,1
DA:161,1
DA:162,0
DA:163,0
DA:165,1
DA:166,1
DA:167,0
DA:168,0
DA:169,0
DA:171,1
DA:172,0
DA:173,0
DA:175,1
DA:176,0
DA:178,1
DA:188,0
DA:189,0
DA:190,0
DA:191,0
DA:193,0
DA:194,0
DA:195,0
DA:197,0
DA:198,0
DA:199,0
DA:200,0
DA:201,0
DA:203,0
DA:204,0
DA:205,0
DA:207,0
DA:210,1
DA:211,0
DA:213,0
DA:214,0
DA:215,0
DA:217,0
DA:218,0
DA:220,0
DA:221,0
DA:223,0
DA:224,0
LF:140
LH:35
FN:16,35,date_index
FNDA:0,date_index
FN:38,42,fiscal_year
FNDA:0,fiscal_year
FN:56,74,GanttFrame.__init__
FNDA:0,GanttFrame.__init__
FN:77,80,GanttFrame.name
FNDA:0,GanttFrame.name
FN:83,84,GanttFrame.days
FNDA:0,GanttFrame.days
FN:92,102,GanttChart.__init__
FNDA:0,GanttChart.__init__
FN:104,158,GanttChart.add_table
FNDA:0,GanttChart.add_table
FN:161,163,GanttChart.origin
FNDA:0,GanttChart.origin
FN:166,169,GanttChart.day_width
FNDA:0,GanttChart.day_width
FN:171,173,GanttChart.x
FNDA:0,GanttChart.x
FN:175,176,GanttChart.y
FNDA:0,GanttChart.y
FN:178,207,GanttChart.add
FNDA:0,GanttChart.add
FN:210,224,strptime
FNDA:0,strptime
FNF:13
FNH:0
end_of_record
SF:src\pptxlib\font.py
DA:1,1
DA:3,1
DA:4,1
DA:6,1
DA:8,1
DA:9,1
DA:12,1
DA:13,1
DA:14,1
DA:15,0
DA:16,0
DA:18,1
DA:19,1
DA:20,0
DA:22,1
DA:23,1
DA:24,0
DA:26,1
DA:27,1
DA:28,0
DA:30,1
DA:31,1
DA:32,0
DA:34,1
DA:35,1
DA:36,0
DA:38,1
DA:39,1
DA:40,0
DA:42,1
DA:43,1
DA:44,0
DA:46,1
DA:47,1
DA:48,0
DA:50,1
DA:51,1
DA:52,0
DA:54,1
DA:55,1
DA:56,0
DA:58,1
DA:66,0
DA:67,0
DA:68,0
DA:69,0
DA:70,0
DA:71,0
DA:72,0
DA:73,0
DA:74,0
DA:75,0
DA:77,0
DA:79,1
DA:80,0
DA:81,0
DA:82,0
DA:83,0
DA:84,0
DA:85,0
LF:60
LH:31
FN:14,16,Font.__repr__
FNDA:0,Font.__repr__
FN:19,20,Font.name
FNDA:0,Font.name
FN:23,24,Font.name
FNDA:0,Font.name
FN:27,28,Font.size
FNDA:0,Font.size
FN:31,32,Font.size
FNDA:0,Font.size
FN:35,36,Font.bold
FNDA:0,Font.bold
FN:39,40,Font.bold
FNDA:0,Font.bold
FN:43,44,Font.italic
FNDA:0,Font.italic
FN:47,48,Font.italic
FNDA:0,Font.italic
FN:51,52,Font.color
FNDA:0,Font.color
FN:55,56,Font.color
FNDA:0,Font.color
FN:58,77,Font.set
FNDA:0,Font.set
FN:79,85,Font.update
FNDA:0,Font.update
FNF:13
FNH:0
end_of_record
SF:src\pptxlib\presentation.py
DA:1,1
DA:3,1
DA:4,1
DA:5,1
DA:7,1
DA:8,1
DA:16,1
DA:17,1
DA:18,1
DA:19,1
DA:21,1
DA:22,0
DA:24,1
DA:25,0
DA:27,1
DA:28,0
DA:29,0
DA:30,0
DA:32,0
DA:33,0
DA:34,0
DA:36,1
DA:37,1
DA:38,0
DA:40,1
DA:41,1
DA:42,0
DA:44,1
DA:45,1
DA:46,0
DA:48,1
DA:49,1
DA:50,0
DA:52,1
DA:53,1
DA:54,0
DA:56,1
DA:57,0
DA:58,0
DA:59,0
DA:61,1
DA:62,1
DA:63,0
DA:66,1
DA:67,1
DA:68,1
DA:69,1
DA:71,1
DA:73,0
DA:74,0
DA:76,1
DA:89,0
DA:90,0
DA:92,0
DA:97,0
DA:99,1
DA:100,0
DA:101,0
DA:103,1
DA:104,1
DA:105,0
DA:106,0
LF:62
LH:35
FN:21,22,Presentation.close
FNDA:0,Presentation.close
FN:24,25,Presentation.delete
FNDA:0,Presentation.delete
FN:27,34,Presentation.save
FNDA:0,Presentation.save
FN:37,38,Presentation.slides
FNDA:0,Presentation.slides
FN:41,42,Presentation.width
FNDA:0,Presentation.width
FN:45,46,Presentation.width
FNDA:0,Presentation.width
FN:49,50,Presentation.height
FNDA:0,Presentation.height
FN:53,54,Presentation.height
FNDA:0,Presentation.height
FN:56,59,Presentation.size
FNDA:0,Presentation.size
FN:62,63,Presentation.layouts
FNDA:0,Presentation.layouts
FN:71,74,Presentations.add
FNDA:0,Presentations.add
FN:76,97,Presentations.open
FNDA:0,Presentations.open
FN:99,101,Presentations.close
FNDA:0,Presentations.close
FN:104,106,Presentations.active
FNDA:0,Presentations.active
FNF:14
FNH:0
end_of_record
SF:src\pptxlib\shape.py
DA:1,1
DA:3,1
DA:4,1
DA:5,1
DA:6,1
DA:8,1
DA:10,1
DA:11,1
DA:12,1
DA:26,1
DA:27,1
DA:28,1
DA:29,1
DA:30,0
DA:32,1
DA:33,1
DA:34,0
DA:36,1
DA:37,1
DA:38,0
DA:40,1
DA:41,1
DA:42,0
DA:44,1
DA:45,1
DA:46,0
DA:48,1
DA:49,1
DA:50,0
DA:52,1
DA:58,0
DA:59,0
DA:60,0
DA:61,0
DA:62,0
DA:63,0
DA:64,0
DA:66,1
DA:67,0
DA:68,0
DA:71,1
DA:72,1
DA:73,1
DA:76,1
DA:77,1
DA:78,1
DA:79,1
DA:80,0
DA:82,1
DA:83,1
DA:84,0
DA:86,1
DA:92,0
DA:93,0
DA:94,0
DA:95,0
DA:96,0
DA:97,0
DA:99,0
DA:101,1
DA:102,0
DA:103,0
DA:104,0
DA:106,1
DA:107,1
DA:108,0
DA:110,1
DA:111,1
DA:112,0
DA:113,0
DA:114,0
DA:116,1
DA:117,0
DA:118,0
DA:120,1
DA:121,1
DA:122,0
DA:124,1
DA:125,1
DA:126,0
DA:127,0
DA:128,0
DA:130,1
DA:131,1
DA:132,0
DA:134,1
DA:135,1
DA:136,0
DA:137,0
DA:138,0
DA:140,1
DA:141,1
DA:142,0
DA:144,1
DA:145,1
DA:146,0
DA:147,0
DA:148,0
DA:150,1
DA:151,1
DA:152,0
DA:154,1
DA:155,1
DA:156,0
DA:157,0
DA:158,0
DA:160,1
DA:161,1
DA:162,0
DA:164,1
DA:165,1
DA:166,0
DA:167,0
DA:168,0
DA:170,1
DA:171,1
DA:172,0
DA:174,1
DA:175,1
DA:176,0
DA:177,0
DA:178,0
DA:180,1
DA:186,0
DA:187,0
DA:188,0
DA:189,0
DA:190,0
DA:191,0
DA:192,0
DA:194,1
DA:200,0
DA:201,0
DA:202,0
DA:203,0
DA:204,0
DA:205,0
DA:206,0
DA:209,1
DA:210,1
DA:211,1
DA:212,1
DA:214,1
DA:215,1
DA:216,0
DA:218,1
DA:219,1
DA:220,0
DA:222,1
DA:223,1
DA:224,0
DA:226,1
DA:227,1
DA:228,0
DA:230,1
DA:231,1
DA:232,0
DA:234,0
DA:235,0
DA:236,0
DA:237,0
DA:239,0
DA:241,0
DA:243,1
DA:244,1
DA:245,0
DA:247,0
DA:248,0
DA:249,0
DA:250,0
DA:252,0
DA:254,0
DA:256,1
DA:257,1
DA:258,0
DA:260,1
DA:261,1
DA:262,0
DA:264,1
DA:265,1
DA:266,0
DA:268,1
DA:269,1
DA:270,0
DA:272,1
DA:273,1
DA:274,0
DA:276,1
DA:277,1
DA:278,0
DA:280,1
DA:281,1
DA:282,0
DA:284,1
DA:285,1
DA:286,0
DA:288,1
DA:289,0
DA:290,0
DA:291,0
DA:293,1
DA:294,0
DA:296,1
DA:297,0
DA:298,0
DA:300,1
DA:301,0
DA:302,0
DA:303,0
DA:304,0
DA:305,0
DA:307,1
DA:308,0
DA:309,0
DA:311,0
DA:312,0
DA:313,0
DA:314,0
DA:316,1
DA:317,0
DA:318,0
DA:320,0
DA:321,0
DA:322,0
DA:323,0
DA:325,1
DA:326,0
DA:327,0
DA:328,0
DA:329,0
DA:330,0
DA:332,1
DA:339,0
DA:340,0
DA:341,0
DA:342,0
DA:343,0
DA:344,0
DA:347,1
DA:348,1
DA:349,1
DA:350,1
DA:352,1
DA:353,1
DA:354,0
DA:356,1
DA:365,0
DA:366,0
DA:368,0
DA:369,0
DA:370,0
DA:372,0
DA:374,1
DA:381,0
DA:382,0
DA:384,1
DA:394,0
DA:395,0
DA:397,0
DA:398,0
DA:400,0
DA:401,0
DA:402,0
DA:404,1
DA:413,0
DA:415,0
DA:416,0
DA:418,1
DA:427,0
DA:429,0
DA:439,0
DA:440,0
DA:441,0
DA:443,0
DA:445,1
DA:454,0
DA:455,0
DA:457,0
DA:458,0
DA:459,0
DA:460,0
DA:462,1
DA:473,0
DA:474,0
DA:476,0
DA:477,0
DA:478,0
DA:479,0
DA:481,1
DA:487,0
DA:488,0
DA:489,0
DA:491,0
DA:492,0
DA:493,0
DA:496,0
DA:497,0
DA:498,0
DA:500,0
DA:502,0
DA:503,0
DA:505,0
DA:506,0
DA:508,0
DA:509,0
DA:510,0
DA:512,0
DA:514,1
DA:521,0
DA:523,0
DA:524,0
DA:525,0
DA:526,0
DA:527,0
DA:528,0
DA:529,0
DA:530,0
DA:532,0
DA:534,1
DA:558,0
DA:559,0
DA:561,0
DA:563,0
DA:564,0
DA:565,0
DA:566,0
DA:567,0
DA:568,0
DA:569,0
DA:570,0
DA:572,0
DA:574,1
DA:575,0
DA:576,0
DA:579,1
DA:580,1
DA:581,1
DA:582,0
LF:338
LH:127
FN:29,30,Color.color
FNDA:0,Color.color
FN:33,34,Color.color
FNDA:0,Color.color
FN:37,38,Color.alpha
FNDA:0,Color.alpha
FN:41,42,Color.alpha
FNDA:0,Color.alpha
FN:45,46,Color.visible
FNDA:0,Color.visible
FN:49,50,Color.visible
FNDA:0,Color.visible
FN:52,64,Color.set
FNDA:0,Color.set
FN:66,68,Color.update
FNDA:0,Color.update
FN:79,80,Line.weight
FNDA:0,Line.weight
FN:83,84,Line.weight
FNDA:0,Line.weight
FN:86,99,Line.set
FNDA:0,Line.set
FN:101,104,Line.update
FNDA:0,Line.update
FN:107,108,Line.dash_style
FNDA:0,Line.dash_style
FN:111,114,Line.dash_style
FNDA:0,Line.dash_style
FN:116,118,Line.dash
FNDA:0,Line.dash
FN:121,122,Line.begin_arrowhead_style
FNDA:0,Line.begin_arrowhead_style
FN:125,128,Line.begin_arrowhead_style
FNDA:0,Line.begin_arrowhead_style
FN:131,132,Line.end_arrowhead_style
FNDA:0,Line.end_arrowhead_style
FN:135,138,Line.end_arrowhead_style
FNDA:0,Line.end_arrowhead_style
FN:141,142,Line.begin_arrowhead_length
FNDA:0,Line.begin_arrowhead_length
FN:145,148,Line.begin_arrowhead_length
FNDA:0,Line.begin_arrowhead_length
FN:151,152,Line.end_arrowhead_length
FNDA:0,Line.end_arrowhead_length
FN:155,158,Line.end_arrowhead_length
FNDA:0,Line.end_arrowhead_length
FN:161,162,Line.begin_arrowhead_width
FNDA:0,Line.begin_arrowhead_width
FN:165,168,Line.begin_arrowhead_width
FNDA:0,Line.begin_arrowhead_width
FN:171,172,Line.end_arrowhead_width
FNDA:0,Line.end_arrowhead_width
FN:175,178,Line.end_arrowhead_width
FNDA:0,Line.end_arrowhead_width
FN:180,192,Line.begin_arrow
FNDA:0,Line.begin_arrow
FN:194,206,Line.end_arrow
FNDA:0,Line.end_arrow
FN:215,216,Shape.left
FNDA:0,Shape.left
FN:219,220,Shape.top
FNDA:0,Shape.top
FN:223,224,Shape.width
FNDA:0,Shape.width
FN:227,228,Shape.height
FNDA:0,Shape.height
FN:231,241,Shape.left
FNDA:0,Shape.left
FN:244,254,Shape.top
FNDA:0,Shape.top
FN:257,258,Shape.width
FNDA:0,Shape.width
FN:261,262,Shape.height
FNDA:0,Shape.height
FN:265,266,Shape._text_range
FNDA:0,Shape._text_range
FN:269,270,Shape.text
FNDA:0,Shape.text
FN:273,274,Shape.text
FNDA:0,Shape.text
FN:277,278,Shape.font
FNDA:0,Shape.font
FN:281,282,Shape.fill
FNDA:0,Shape.fill
FN:285,286,Shape.line
FNDA:0,Shape.line
FN:288,291,Shape.select
FNDA:0,Shape.select
FN:293,294,Shape.copy
FNDA:0,Shape.copy
FN:296,298,Shape.connect
FNDA:0,Shape.connect
FN:300,305,Shape.export
FNDA:0,Shape.export
FN:307,314,Shape.png
FNDA:0,Shape.png
FN:316,323,Shape.svg
FNDA:0,Shape.svg
FN:325,330,Shape.align_center
FNDA:0,Shape.align_center
FN:332,344,Shape.text_margin
FNDA:0,Shape.text_margin
FN:353,354,Shapes.title
FNDA:0,Shapes.title
FN:356,372,Shapes.add
FNDA:0,Shapes.add
FN:374,382,Shapes.add_line
FNDA:0,Shapes.add_line
FN:384,402,Shapes.add_label
FNDA:0,Shapes.add_label
FN:404,416,Shapes.add_table
FNDA:0,Shapes.add_table
FN:418,443,Shapes.add_picture
FNDA:0,Shapes.add_picture
FN:445,460,Shapes.add_image
FNDA:0,Shapes.add_image
FN:462,479,Shapes.add_figure
FNDA:0,Shapes.add_figure
FN:481,512,Shapes.add_connector
FNDA:0,Shapes.add_connector
FN:514,532,Shapes.paste
FNDA:0,Shapes.paste
FN:534,572,Shapes.paste_special
FNDA:0,Shapes.paste_special
FN:574,576,Shapes.range
FNDA:0,Shapes.range
FN:581,582,ShapeRange.__repr__
FNDA:0,ShapeRange.__repr__
FNF:64
FNH:0
end_of_record
SF:src\pptxlib\slide.py
DA:1,1
DA:3,1
DA:4,1
DA:5,1
DA:6,1
DA:8,1
DA:10,1
DA:11,1
DA:21,1
DA:22,1
DA:23,1
DA:24,1
DA:26,1
DA:27,1
DA:28,0
DA:30,1
DA:31,1
DA:32,0
DA:34,1
DA:35,1
DA:36,0
DA:37,0
DA:39,1
DA:40,1
DA:41,0
DA:43,1
DA:44,1
DA:45,0
DA:47,1
DA:48,0
DA:49,0
DA:50,0
DA:52,1
DA:53,0
DA:54,0
DA:56,0
DA:57,0
DA:58,0
DA:59,0
DA:61,1
DA:62,1
DA:63,0
DA:65,1
DA:66,1
DA:67,0
DA:68,0
DA:69,0
DA:71,0
DA:73,1
DA:78,0
DA:79,0
DA:81,0
DA:82,0
DA:84,0
DA:87,1
DA:88,1
DA:89,1
DA:90,1
DA:93,1
DA:94,1
DA:95,1
DA:96,1
DA:98,1
DA:103,0
DA:104,0
DA:106,0
DA:107,0
DA:109,0
DA:111,0
DA:112,0
DA:114,0
DA:116,0
DA:118,1
DA:119,1
DA:120,0
DA:121,0
DA:124,1
DA:125,1
DA:126,1
DA:127,1
DA:129,1
DA:130,0
DA:131,0
DA:132,0
DA:134,0
DA:136,0
DA:137,0
DA:139,1
DA:140,0
DA:141,0
DA:142,0
DA:144,0
DA:146,1
DA:147,0
DA:148,0
DA:150,0
DA:151,0
DA:153,0
DA:154,0
DA:155,0
DA:156,0
DA:158,0
DA:160,1
DA:161,0
DA:162,0
DA:163,0
DA:164,0
LF:107
LH:48
FN:27,28,Slide.shapes
FNDA:0,Slide.shapes
FN:31,32,Slide.title
FNDA:0,Slide.title
FN:35,37,Slide.title
FNDA:0,Slide.title
FN:40,41,Slide.width
FNDA:0,Slide.width
FN:44,45,Slide.height
FNDA:0,Slide.height
FN:47,50,Slide.export
FNDA:0,Slide.export
FN:52,59,Slide.png
FNDA:0,Slide.png
FN:62,63,Slide.layout
FNDA:0,Slide.layout
FN:66,71,Slide.layout
FNDA:0,Slide.layout
FN:73,84,Slide.set
FNDA:0,Slide.set
FN:98,116,Slides.add
FNDA:0,Slides.add
FN:119,121,Slides.active
FNDA:0,Slides.active
FN:129,137,Layouts.add
FNDA:0,Layouts.add
FN:139,144,Layouts.get
FNDA:0,Layouts.get
FN:146,158,Layouts._get_api
FNDA:0,Layouts._get_api
FN:160,164,Layouts.copy_from
FNDA:0,Layouts.copy_from
FNF:16
FNH:0
end_of_record
SF:src\pptxlib\table.py
DA:1,1
DA:3,1
DA:4,1
DA:6,1
DA:8,1
DA:9,1
DA:16,1
DA:17,1
DA:18,1
DA:19,1
DA:20,0
DA:22,1
DA:23,1
DA:24,0
DA:26,1
DA:27,1
DA:28,0
DA:30,1
DA:31,0
DA:32,0
DA:33,0
DA:35,0
DA:37,1
DA:38,0
DA:40,1
DA:41,1
DA:43,1
DA:44,1
DA:46,1
DA:47,1
DA:49,1
DA:50,1
DA:52,1
DA:56,0
DA:57,0
DA:59,0
DA:60,0
DA:61,0
DA:63,0
DA:64,0
DA:66,0
DA:67,0
DA:71,1
DA:72,0
DA:73,0
DA:75,1
DA:76,0
DA:77,0
DA:79,1
DA:86,0
DA:87,0
DA:88,0
DA:89,0
DA:91,0
DA:92,0
DA:94,0
DA:95,0
DA:97,0
DA:98,0
DA:99,0
DA:100,0
DA:103,1
DA:111,0
DA:112,0
DA:114,0
DA:115,0
DA:116,0
DA:117,0
DA:118,0
DA:119,0
DA:121,0
DA:122,0
DA:125,1
DA:126,1
DA:127,1
DA:128,1
DA:130,1
DA:131,0
DA:133,1
DA:134,1
DA:135,0
DA:137,1
DA:138,1
DA:139,0
DA:141,1
DA:142,0
DA:144,1
DA:145,0
DA:147,1
DA:148,0
DA:149,0
DA:151,1
DA:159,0
DA:162,1
DA:163,1
DA:164,1
DA:165,1
DA:167,1
DA:168,1
DA:169,0
DA:171,1
DA:172,1
DA:173,0
DA:176,1
DA:177,1
DA:178,1
DA:179,1
DA:181,1
DA:182,1
DA:183,0
DA:185,1
DA:186,1
DA:187,0
DA:190,1
DA:191,1
DA:192,1
DA:193,1
DA:195,1
DA:196,1
DA:197,0
DA:199,1
DA:200,1
DA:201,0
DA:202,0
DA:204,1
DA:205,1
DA:206,0
DA:209,1
DA:210,1
DA:211,1
DA:212,1
DA:214,1
DA:215,1
DA:216,0
DA:218,1
DA:219,1
DA:220,0
DA:221,0
DA:223,1
DA:224,1
DA:225,0
DA:228,1
DA:229,1
DA:230,1
DA:231,1
DA:233,1
DA:234,0
DA:236,1
DA:237,1
DA:238,0
DA:240,1
DA:241,1
DA:242,0
DA:244,1
DA:245,1
DA:246,0
DA:248,1
DA:249,1
DA:250,0
DA:252,1
DA:253,0
DA:256,1
DA:257,1
DA:258,1
DA:259,1
DA:261,1
DA:262,1
DA:263,0
DA:266,1
DA:267,1
DA:268,1
DA:269,1
DA:271,1
DA:272,0
DA:275,1
DA:276,1
DA:277,1
DA:279,1
DA:285,0
DA:286,0
DA:288,0
DA:291,1
DA:292,1
DA:293,1
DA:294,1
DA:296,1
DA:300,0
DA:301,0
DA:303,0
DA:304,0
DA:307,1
DA:308,1
DA:309,1
DA:311,1
DA:315,0
LF:195
LH:116
FN:19,20,Table.rows
FNDA:0,Table.rows
FN:23,24,Table.columns
FNDA:0,Table.columns
FN:27,28,Table.shape
FNDA:0,Table.shape
FN:30,35,Table.cell
FNDA:0,Table.cell
FN:37,38,Table.__len__
FNDA:0,Table.__len__
FN:41,41,Table.__getitem__
FNDA:1,Table.__getitem__
FN:44,44,Table.__getitem__
FNDA:1,Table.__getitem__
FN:47,47,Table.__getitem__
FNDA:1,Table.__getitem__
FN:50,50,Table.__getitem__
FNDA:1,Table.__getitem__
FN:52,69,Table.__getitem__
FNDA:0,Table.__getitem__
FN:71,73,Table.__iter__
FNDA:0,Table.__iter__
FN:75,77,Table.minimize_height
FNDA:0,Table.minimize_height
FN:79,100,Table.reset_style
FNDA:0,Table.reset_style
FN:103,122,set_text
FNDA:0,set_text
FN:130,131,Axis.__repr__
FNDA:0,Axis.__repr__
FN:134,135,Axis.cells
FNDA:0,Axis.cells
FN:138,139,Axis.borders
FNDA:0,Axis.borders
FN:141,142,Axis.__len__
FNDA:0,Axis.__len__
FN:144,145,Axis.__getitem__
FNDA:0,Axis.__getitem__
FN:147,149,Axis.__iter__
FNDA:0,Axis.__iter__
FN:151,159,Axis.text
FNDA:0,Axis.text
FN:168,169,Row.height
FNDA:0,Row.height
FN:172,173,Row.height
FNDA:0,Row.height
FN:182,183,Column.width
FNDA:0,Column.width
FN:186,187,Column.width
FNDA:0,Column.width
FN:196,197,Rows.height
FNDA:0,Rows.height
FN:200,202,Rows.height
FNDA:0,Rows.height
FN:205,206,Rows.borders
FNDA:0,Rows.borders
FN:215,216,Columns.width
FNDA:0,Columns.width
FN:219,221,Columns.width
FNDA:0,Columns.width
FN:224,225,Columns.borders
FNDA:0,Columns.borders
FN:233,234,Cell.__repr__
FNDA:0,Cell.__repr__
FN:237,238,Cell.shape
FNDA:0,Cell.shape
FN:241,242,Cell.text
FNDA:0,Cell.text
FN:245,246,Cell.text
FNDA:0,Cell.text
FN:249,250,Cell.borders
FNDA:0,Cell.borders
FN:252,253,Cell.merge
FNDA:0,Cell.merge
FN:262,263,CellRange.borders
FNDA:0,CellRange.borders
FN:271,272,LineFormat.__repr__
FNDA:0,LineFormat.__repr__
FN:279,288,LineFormatCollection.set
FNDA:0,LineFormatCollection.set
FN:296,304,Borders.__getitem__
FNDA:0,Borders.__getitem__
FN:311,315,BordersCollection.__getitem__
FNDA:0,BordersCollection.__getitem__
FNF:42
FNH:4
end_of_record
